# JRE version: Java(TM) SE Runtime Environment (8.0_161-b12) (build 1.8.0_161-b12)
# Java VM: Java HotSpot(TM) 64-Bit Server VM (25.161-b12 mixed mode windows-amd64 compressed oops)
Heap:
 PSYoungGen      total 91136K, used 28317K [0x00000000d5d80000, 0x00000000dc800000, 0x0000000100000000)
  eden space 82432K, 23% used [0x00000000d5d80000,0x00000000d70aa620,0x00000000dae00000)
  from space 8704K, 99% used [0x00000000db780000,0x00000000dbffd030,0x00000000dc000000)
  to   space 9728K, 0% used [0x00000000dae00000,0x00000000dae00000,0x00000000db780000)
 ParOldGen       total 56320K, used 8127K [0x0000000081800000, 0x0000000084f00000, 0x00000000d5d80000)
  object space 56320K, 14% used [0x0000000081800000,0x0000000081fefe50,0x0000000084f00000)
 Metaspace       used 31773K, capacity 33256K, committed 33328K, reserved 1079296K
  class space    used 4091K, capacity 4364K, committed 4400K, reserved 1048576K
GC Heap History (10 events):
Event: 5.213 GC heap before
{Heap before GC invocations=5 (full 1):
 PSYoungGen      total 38400K, used 5096K [0x00000000d5d80000, 0x00000000d8800000, 0x0000000100000000)
  eden space 33280K, 0% used [0x00000000d5d80000,0x00000000d5d80000,0x00000000d7e00000)
  from space 5120K, 99% used [0x00000000d8300000,0x00000000d87fa040,0x00000000d8800000)
  to   space 5120K, 0% used [0x00000000d7e00000,0x00000000d7e00000,0x00000000d8300000)
 ParOldGen       total 87552K, used 5656K [0x0000000081800000, 0x0000000086d80000, 0x00000000d5d80000)
  object space 87552K, 6% used [0x0000000081800000,0x0000000081d86338,0x0000000086d80000)
 Metaspace       used 20605K, capacity 21204K, committed 21296K, reserved 1067008K
  class space    used 2652K, capacity 2832K, committed 2864K, reserved 1048576K
Event: 5.237 GC heap after
Heap after GC invocations=5 (full 1):
 PSYoungGen      total 38400K, used 0K [0x00000000d5d80000, 0x00000000d8800000, 0x0000000100000000)
  eden space 33280K, 0% used [0x00000000d5d80000,0x00000000d5d80000,0x00000000d7e00000)
  from space 5120K, 0% used [0x00000000d8300000,0x00000000d8300000,0x00000000d8800000)
  to   space 5120K, 0% used [0x00000000d7e00000,0x00000000d7e00000,0x00000000d8300000)
 ParOldGen       total 56320K, used 7156K [0x0000000081800000, 0x0000000084f00000, 0x00000000d5d80000)
  object space 56320K, 12% used [0x0000000081800000,0x0000000081efd088,0x0000000084f00000)
 Metaspace       used 20605K, capacity 21204K, committed 21296K, reserved 1067008K
  class space    used 2652K, capacity 2832K, committed 2864K, reserved 1048576K
}
Event: 6.535 GC heap before
{Heap before GC invocations=6 (full 1):
 PSYoungGen      total 38400K, used 33280K [0x00000000d5d80000, 0x00000000d8800000, 0x0000000100000000)
  eden space 33280K, 100% used [0x00000000d5d80000,0x00000000d7e00000,0x00000000d7e00000)
  from space 5120K, 0% used [0x00000000d8300000,0x00000000d8300000,0x00000000d8800000)
  to   space 5120K, 0% used [0x00000000d7e00000,0x00000000d7e00000,0x00000000d8300000)
 ParOldGen       total 56320K, used 7156K [0x0000000081800000, 0x0000000084f00000, 0x00000000d5d80000)
  object space 56320K, 12% used [0x0000000081800000,0x0000000081efd088,0x0000000084f00000)
 Metaspace       used 23621K, capacity 24340K, committed 24496K, reserved 1071104K
  class space    used 3062K, capacity 3244K, committed 3248K, reserved 1048576K
Event: 6.539 GC heap after
Heap after GC invocations=6 (full 1):
 PSYoungGen      total 38400K, used 4697K [0x00000000d5d80000, 0x00000000da200000, 0x0000000100000000)
  eden space 33280K, 0% used [0x00000000d5d80000,0x00000000d5d80000,0x00000000d7e00000)
  from space 5120K, 91% used [0x00000000d7e00000,0x00000000d8296690,0x00000000d8300000)
  to   space 8704K, 0% used [0x00000000d9980000,0x00000000d9980000,0x00000000da200000)
 ParOldGen       total 56320K, used 7164K [0x0000000081800000, 0x0000000084f00000, 0x00000000d5d80000)
  object space 56320K, 12% used [0x0000000081800000,0x0000000081eff088,0x0000000084f00000)
 Metaspace       used 23621K, capacity 24340K, committed 24496K, reserved 1071104K
  class space    used 3062K, capacity 3244K, committed 3248K, reserved 1048576K
}
Event: 8.020 GC heap before
{Heap before GC invocations=7 (full 1):
 PSYoungGen      total 38400K, used 37977K [0x00000000d5d80000, 0x00000000da200000, 0x0000000100000000)
  eden space 33280K, 100% used [0x00000000d5d80000,0x00000000d7e00000,0x00000000d7e00000)
  from space 5120K, 91% used [0x00000000d7e00000,0x00000000d8296690,0x00000000d8300000)
  to   space 8704K, 0% used [0x00000000d9980000,0x00000000d9980000,0x00000000da200000)
 ParOldGen       total 56320K, used 7164K [0x0000000081800000, 0x0000000084f00000, 0x00000000d5d80000)
  object space 56320K, 12% used [0x0000000081800000,0x0000000081eff088,0x0000000084f00000)
 Metaspace       used 27791K, capacity 28576K, committed 28848K, reserved 1075200K
  class space    used 3559K, capacity 3742K, committed 3760K, reserved 1048576K
Event: 8.027 GC heap after
Heap after GC invocations=7 (full 1):
 PSYoungGen      total 59392K, used 5474K [0x00000000d5d80000, 0x00000000da080000, 0x0000000100000000)
  eden space 52224K, 0% used [0x00000000d5d80000,0x00000000d5d80000,0x00000000d9080000)
  from space 7168K, 76% used [0x00000000d9980000,0x00000000d9ed8878,0x00000000da080000)
  to   space 8192K, 0% used [0x00000000d9080000,0x00000000d9080000,0x00000000d9880000)
 ParOldGen       total 56320K, used 7236K [0x0000000081800000, 0x0000000084f00000, 0x00000000d5d80000)
  object space 56320K, 12% used [0x0000000081800000,0x0000000081f11098,0x0000000084f00000)
 Metaspace       used 27791K, capacity 28576K, committed 28848K, reserved 1075200K
  class space    used 3559K, capacity 3742K, committed 3760K, reserved 1048576K
}
Event: 8.848 GC heap before
{Heap before GC invocations=8 (full 1):
 PSYoungGen      total 59392K, used 57698K [0x00000000d5d80000, 0x00000000da080000, 0x0000000100000000)
  eden space 52224K, 100% used [0x00000000d5d80000,0x00000000d9080000,0x00000000d9080000)
  from space 7168K, 76% used [0x00000000d9980000,0x00000000d9ed8878,0x00000000da080000)
  to   space 8192K, 0% used [0x00000000d9080000,0x00000000d9080000,0x00000000d9880000)
 ParOldGen       total 56320K, used 7236K [0x0000000081800000, 0x0000000084f00000, 0x00000000d5d80000)
  object space 56320K, 12% used [0x0000000081800000,0x0000000081f11098,0x0000000084f00000)
 Metaspace       used 29964K, capacity 31300K, committed 31536K, reserved 1077248K
  class space    used 3855K, capacity 4108K, committed 4144K, reserved 1048576K
Event: 8.856 GC heap after
Heap after GC invocations=8 (full 1):
 PSYoungGen      total 60416K, used 7008K [0x00000000d5d80000, 0x00000000dc000000, 0x0000000100000000)
  eden space 52224K, 0% used [0x00000000d5d80000,0x00000000d5d80000,0x00000000d9080000)
  from space 8192K, 85% used [0x00000000d9080000,0x00000000d9758328,0x00000000d9880000)
  to   space 8704K, 0% used [0x00000000db780000,0x00000000db780000,0x00000000dc000000)
 ParOldGen       total 56320K, used 7244K [0x0000000081800000, 0x0000000084f00000, 0x00000000d5d80000)
  object space 56320K, 12% used [0x0000000081800000,0x0000000081f13098,0x0000000084f00000)
 Metaspace       used 29964K, capacity 31300K, committed 31536K, reserved 1077248K
  class space    used 3855K, capacity 4108K, committed 4144K, reserved 1048576K
}
Event: 9.327 GC heap before
{Heap before GC invocations=9 (full 1):
 PSYoungGen      total 60416K, used 59232K [0x00000000d5d80000, 0x00000000dc000000, 0x0000000100000000)
  eden space 52224K, 100% used [0x00000000d5d80000,0x00000000d9080000,0x00000000d9080000)
  from space 8192K, 85% used [0x00000000d9080000,0x00000000d9758328,0x00000000d9880000)
  to   space 8704K, 0% used [0x00000000db780000,0x00000000db780000,0x00000000dc000000)
 ParOldGen       total 56320K, used 7244K [0x0000000081800000, 0x0000000084f00000, 0x00000000d5d80000)
  object space 56320K, 12% used [0x0000000081800000,0x0000000081f13098,0x0000000084f00000)
 Metaspace       used 31440K, capacity 32944K, committed 33072K, reserved 1077248K
  class space    used 4046K, capacity 4316K, committed 4400K, reserved 1048576K
Event: 9.339 GC heap after
Heap after GC invocations=9 (full 1):
 PSYoungGen      total 91136K, used 8692K [0x00000000d5d80000, 0x00000000dc800000, 0x0000000100000000)
  eden space 82432K, 0% used [0x00000000d5d80000,0x00000000d5d80000,0x00000000dae00000)
  from space 8704K, 99% used [0x00000000db780000,0x00000000dbffd030,0x00000000dc000000)
  to   space 9728K, 0% used [0x00000000dae00000,0x00000000dae00000,0x00000000db780000)
 ParOldGen       total 56320K, used 8127K [0x0000000081800000, 0x0000000084f00000, 0x00000000d5d80000)
  object space 56320K, 14% used [0x0000000081800000,0x0000000081fefe50,0x0000000084f00000)
 Metaspace       used 31440K, capacity 32944K, committed 33072K, reserved 1077248K
  class space    used 4046K, capacity 4316K, committed 4400K, reserved 1048576K
}

