# JRE version: Java(TM) SE Runtime Environment (8.0_161-b12) (build 1.8.0_161-b12)
# Java VM: Java HotSpot(TM) 64-Bit Server VM (25.161-b12 mixed mode windows-amd64 compressed oops)
Heap:
 PSYoungGen      total 71680K, used 39454K [0x00000000d5d80000, 0x00000000da880000, 0x0000000100000000)
  eden space 66560K, 59% used [0x00000000d5d80000,0x00000000d8407ba8,0x00000000d9e80000)
  from space 5120K, 0% used [0x00000000da380000,0x00000000da380000,0x00000000da880000)
  to   space 5120K, 0% used [0x00000000d9e80000,0x00000000d9e80000,0x00000000da380000)
 ParOldGen       total 46592K, used 5392K [0x0000000081800000, 0x0000000084580000, 0x00000000d5d80000)
  object space 46592K, 11% used [0x0000000081800000,0x0000000081d440e8,0x0000000084580000)
 Metaspace       used 25287K, capacity 26110K, committed 26236K, reserved 1073152K
  class space    used 3245K, capacity 3443K, committed 3452K, reserved 1048576K
GC Heap History (10 events):
Event: 1.272 GC heap before
{Heap before GC invocations=3 (full 0):
 PSYoungGen      total 38400K, used 38377K [0x00000000d5d80000, 0x00000000da880000, 0x0000000100000000)
  eden space 33280K, 100% used [0x00000000d5d80000,0x00000000d7e00000,0x00000000d7e00000)
  from space 5120K, 99% used [0x00000000d8300000,0x00000000d87fa6d8,0x00000000d8800000)
  to   space 5120K, 0% used [0x00000000d7e00000,0x00000000d7e00000,0x00000000d8300000)
 ParOldGen       total 87552K, used 1491K [0x0000000081800000, 0x0000000086d80000, 0x00000000d5d80000)
  object space 87552K, 1% used [0x0000000081800000,0x0000000081974e00,0x0000000086d80000)
 Metaspace       used 17975K, capacity 18522K, committed 18688K, reserved 1064960K
  class space    used 2370K, capacity 2515K, committed 2560K, reserved 1048576K
Event: 1.278 GC heap after
Heap after GC invocations=3 (full 0):
 PSYoungGen      total 38400K, used 5118K [0x00000000d5d80000, 0x00000000da880000, 0x0000000100000000)
  eden space 33280K, 0% used [0x00000000d5d80000,0x00000000d5d80000,0x00000000d7e00000)
  from space 5120K, 99% used [0x00000000d7e00000,0x00000000d82ff920,0x00000000d8300000)
  to   space 5120K, 0% used [0x00000000da380000,0x00000000da380000,0x00000000da880000)
 ParOldGen       total 87552K, used 3414K [0x0000000081800000, 0x0000000086d80000, 0x00000000d5d80000)
  object space 87552K, 3% used [0x0000000081800000,0x0000000081b55b90,0x0000000086d80000)
 Metaspace       used 17975K, capacity 18522K, committed 18688K, reserved 1064960K
  class space    used 2370K, capacity 2515K, committed 2560K, reserved 1048576K
}
Event: 1.489 GC heap before
{Heap before GC invocations=4 (full 0):
 PSYoungGen      total 38400K, used 24721K [0x00000000d5d80000, 0x00000000da880000, 0x0000000100000000)
  eden space 33280K, 58% used [0x00000000d5d80000,0x00000000d70a4c70,0x00000000d7e00000)
  from space 5120K, 99% used [0x00000000d7e00000,0x00000000d82ff920,0x00000000d8300000)
  to   space 5120K, 0% used [0x00000000da380000,0x00000000da380000,0x00000000da880000)
 ParOldGen       total 87552K, used 3414K [0x0000000081800000, 0x0000000086d80000, 0x00000000d5d80000)
  object space 87552K, 3% used [0x0000000081800000,0x0000000081b55b90,0x0000000086d80000)
 Metaspace       used 20600K, capacity 21236K, committed 21504K, reserved 1069056K
  class space    used 2649K, capacity 2800K, committed 2816K, reserved 1048576K
Event: 1.505 GC heap after
Heap after GC invocations=4 (full 0):
 PSYoungGen      total 71680K, used 5119K [0x00000000d5d80000, 0x00000000da880000, 0x0000000100000000)
  eden space 66560K, 0% used [0x00000000d5d80000,0x00000000d5d80000,0x00000000d9e80000)
  from space 5120K, 99% used [0x00000000da380000,0x00000000da87fe28,0x00000000da880000)
  to   space 5120K, 0% used [0x00000000d9e80000,0x00000000d9e80000,0x00000000da380000)
 ParOldGen       total 87552K, used 5551K [0x0000000081800000, 0x0000000086d80000, 0x00000000d5d80000)
  object space 87552K, 6% used [0x0000000081800000,0x0000000081d6bd88,0x0000000086d80000)
 Metaspace       used 20600K, capacity 21236K, committed 21504K, reserved 1069056K
  class space    used 2649K, capacity 2800K, committed 2816K, reserved 1048576K
}
Event: 1.520 GC heap before
{Heap before GC invocations=5 (full 0):
 PSYoungGen      total 71680K, used 10184K [0x00000000d5d80000, 0x00000000da880000, 0x0000000100000000)
  eden space 66560K, 7% used [0x00000000d5d80000,0x00000000d6272470,0x00000000d9e80000)
  from space 5120K, 99% used [0x00000000da380000,0x00000000da87fe28,0x00000000da880000)
  to   space 5120K, 0% used [0x00000000d9e80000,0x00000000d9e80000,0x00000000da380000)
 ParOldGen       total 87552K, used 5551K [0x0000000081800000, 0x0000000086d80000, 0x00000000d5d80000)
  object space 87552K, 6% used [0x0000000081800000,0x0000000081d6bd88,0x0000000086d80000)
 Metaspace       used 20893K, capacity 21524K, committed 21884K, reserved 1069056K
  class space    used 2675K, capacity 2832K, committed 2940K, reserved 1048576K
Event: 1.525 GC heap after
Heap after GC invocations=5 (full 0):
 PSYoungGen      total 71680K, used 5109K [0x00000000d5d80000, 0x00000000da880000, 0x0000000100000000)
  eden space 66560K, 0% used [0x00000000d5d80000,0x00000000d5d80000,0x00000000d9e80000)
  from space 5120K, 99% used [0x00000000d9e80000,0x00000000da37d498,0x00000000da380000)
  to   space 5120K, 0% used [0x00000000da380000,0x00000000da380000,0x00000000da880000)
 ParOldGen       total 87552K, used 5896K [0x0000000081800000, 0x0000000086d80000, 0x00000000d5d80000)
  object space 87552K, 6% used [0x0000000081800000,0x0000000081dc2228,0x0000000086d80000)
 Metaspace       used 20893K, capacity 21524K, committed 21884K, reserved 1069056K
  class space    used 2675K, capacity 2832K, committed 2940K, reserved 1048576K
}
Event: 1.555 GC heap before
{Heap before GC invocations=6 (full 0):
 PSYoungGen      total 71680K, used 8747K [0x00000000d5d80000, 0x00000000da880000, 0x0000000100000000)
  eden space 66560K, 5% used [0x00000000d5d80000,0x00000000d610daf0,0x00000000d9e80000)
  from space 5120K, 99% used [0x00000000d9e80000,0x00000000da37d498,0x00000000da380000)
  to   space 5120K, 0% used [0x00000000da380000,0x00000000da380000,0x00000000da880000)
 ParOldGen       total 87552K, used 5896K [0x0000000081800000, 0x0000000086d80000, 0x00000000d5d80000)
  object space 87552K, 6% used [0x0000000081800000,0x0000000081dc2228,0x0000000086d80000)
 Metaspace       used 21233K, capacity 21794K, committed 21960K, reserved 1069056K
  class space    used 2723K, capacity 2877K, committed 2940K, reserved 1048576K
Event: 1.559 GC heap after
Heap after GC invocations=6 (full 0):
 PSYoungGen      total 71680K, used 5112K [0x00000000d5d80000, 0x00000000da880000, 0x0000000100000000)
  eden space 66560K, 0% used [0x00000000d5d80000,0x00000000d5d80000,0x00000000d9e80000)
  from space 5120K, 99% used [0x00000000da380000,0x00000000da87e050,0x00000000da880000)
  to   space 5120K, 0% used [0x00000000d9e80000,0x00000000d9e80000,0x00000000da380000)
 ParOldGen       total 87552K, used 6219K [0x0000000081800000, 0x0000000086d80000, 0x00000000d5d80000)
  object space 87552K, 7% used [0x0000000081800000,0x0000000081e12ec0,0x0000000086d80000)
 Metaspace       used 21233K, capacity 21794K, committed 21960K, reserved 1069056K
  class space    used 2723K, capacity 2877K, committed 2940K, reserved 1048576K
}
Event: 1.559 GC heap before
{Heap before GC invocations=7 (full 1):
 PSYoungGen      total 71680K, used 5112K [0x00000000d5d80000, 0x00000000da880000, 0x0000000100000000)
  eden space 66560K, 0% used [0x00000000d5d80000,0x00000000d5d80000,0x00000000d9e80000)
  from space 5120K, 99% used [0x00000000da380000,0x00000000da87e050,0x00000000da880000)
  to   space 5120K, 0% used [0x00000000d9e80000,0x00000000d9e80000,0x00000000da380000)
 ParOldGen       total 87552K, used 6219K [0x0000000081800000, 0x0000000086d80000, 0x00000000d5d80000)
  object space 87552K, 7% used [0x0000000081800000,0x0000000081e12ec0,0x0000000086d80000)
 Metaspace       used 21233K, capacity 21794K, committed 21960K, reserved 1069056K
  class space    used 2723K, capacity 2877K, committed 2940K, reserved 1048576K
Event: 1.586 GC heap after
Heap after GC invocations=7 (full 1):
 PSYoungGen      total 71680K, used 0K [0x00000000d5d80000, 0x00000000da880000, 0x0000000100000000)
  eden space 66560K, 0% used [0x00000000d5d80000,0x00000000d5d80000,0x00000000d9e80000)
  from space 5120K, 0% used [0x00000000da380000,0x00000000da380000,0x00000000da880000)
  to   space 5120K, 0% used [0x00000000d9e80000,0x00000000d9e80000,0x00000000da380000)
 ParOldGen       total 46592K, used 5392K [0x0000000081800000, 0x0000000084580000, 0x00000000d5d80000)
  object space 46592K, 11% used [0x0000000081800000,0x0000000081d440e8,0x0000000084580000)
 Metaspace       used 21233K, capacity 21794K, committed 21960K, reserved 1069056K
  class space    used 2723K, capacity 2877K, committed 2940K, reserved 1048576K
}

