# JRE version: Java(TM) SE Runtime Environment (8.0_161-b12) (build 1.8.0_161-b12)
# Java VM: Java HotSpot(TM) 64-Bit Server VM (25.161-b12 mixed mode windows-amd64 compressed oops)
Heap:
 PSYoungGen      total 86016K, used 28539K [0x00000000d5d80000, 0x00000000dc200000, 0x0000000100000000)
  eden space 77312K, 25% used [0x00000000d5d80000,0x00000000d70dfbf8,0x00000000da900000)
  from space 8704K, 99% used [0x00000000db280000,0x00000000dbaff0f0,0x00000000dbb00000)
  to   space 9728K, 0% used [0x00000000da900000,0x00000000da900000,0x00000000db280000)
 ParOldGen       total 58368K, used 8133K [0x0000000081800000, 0x0000000085100000, 0x00000000d5d80000)
  object space 58368K, 13% used [0x0000000081800000,0x0000000081ff16b0,0x0000000085100000)
 Metaspace       used 31776K, capacity 33314K, committed 33664K, reserved 1079296K
  class space    used 4086K, capacity 4365K, committed 4480K, reserved 1048576K
GC Heap History (10 events):
Event: 5.799 GC heap before
{Heap before GC invocations=5 (full 1):
 PSYoungGen      total 38400K, used 5098K [0x00000000d5d80000, 0x00000000d8800000, 0x0000000100000000)
  eden space 33280K, 0% used [0x00000000d5d80000,0x00000000d5d80000,0x00000000d7e00000)
  from space 5120K, 99% used [0x00000000d8300000,0x00000000d87fab88,0x00000000d8800000)
  to   space 5120K, 0% used [0x00000000d7e00000,0x00000000d7e00000,0x00000000d8300000)
 ParOldGen       total 87552K, used 5855K [0x0000000081800000, 0x0000000086d80000, 0x00000000d5d80000)
  object space 87552K, 6% used [0x0000000081800000,0x0000000081db7c78,0x0000000086d80000)
 Metaspace       used 20591K, capacity 21172K, committed 21248K, reserved 1067008K
  class space    used 2641K, capacity 2800K, committed 2816K, reserved 1048576K
Event: 5.833 GC heap after
Heap after GC invocations=5 (full 1):
 PSYoungGen      total 38400K, used 0K [0x00000000d5d80000, 0x00000000d8800000, 0x0000000100000000)
  eden space 33280K, 0% used [0x00000000d5d80000,0x00000000d5d80000,0x00000000d7e00000)
  from space 5120K, 0% used [0x00000000d8300000,0x00000000d8300000,0x00000000d8800000)
  to   space 5120K, 0% used [0x00000000d7e00000,0x00000000d7e00000,0x00000000d8300000)
 ParOldGen       total 58368K, used 7222K [0x0000000081800000, 0x0000000085100000, 0x00000000d5d80000)
  object space 58368K, 12% used [0x0000000081800000,0x0000000081f0d860,0x0000000085100000)
 Metaspace       used 20591K, capacity 21172K, committed 21248K, reserved 1067008K
  class space    used 2641K, capacity 2800K, committed 2816K, reserved 1048576K
}
Event: 6.587 GC heap before
{Heap before GC invocations=6 (full 1):
 PSYoungGen      total 38400K, used 33280K [0x00000000d5d80000, 0x00000000d8800000, 0x0000000100000000)
  eden space 33280K, 100% used [0x00000000d5d80000,0x00000000d7e00000,0x00000000d7e00000)
  from space 5120K, 0% used [0x00000000d8300000,0x00000000d8300000,0x00000000d8800000)
  to   space 5120K, 0% used [0x00000000d7e00000,0x00000000d7e00000,0x00000000d8300000)
 ParOldGen       total 58368K, used 7222K [0x0000000081800000, 0x0000000085100000, 0x00000000d5d80000)
  object space 58368K, 12% used [0x0000000081800000,0x0000000081f0d860,0x0000000085100000)
 Metaspace       used 23521K, capacity 24250K, committed 24576K, reserved 1071104K
  class space    used 3048K, capacity 3229K, committed 3328K, reserved 1048576K
Event: 6.591 GC heap after
Heap after GC invocations=6 (full 1):
 PSYoungGen      total 38400K, used 4691K [0x00000000d5d80000, 0x00000000da100000, 0x0000000100000000)
  eden space 33280K, 0% used [0x00000000d5d80000,0x00000000d5d80000,0x00000000d7e00000)
  from space 5120K, 91% used [0x00000000d7e00000,0x00000000d8294c80,0x00000000d8300000)
  to   space 8704K, 0% used [0x00000000d9880000,0x00000000d9880000,0x00000000da100000)
 ParOldGen       total 58368K, used 7230K [0x0000000081800000, 0x0000000085100000, 0x00000000d5d80000)
  object space 58368K, 12% used [0x0000000081800000,0x0000000081f0f860,0x0000000085100000)
 Metaspace       used 23521K, capacity 24250K, committed 24576K, reserved 1071104K
  class space    used 3048K, capacity 3229K, committed 3328K, reserved 1048576K
}
Event: 8.292 GC heap before
{Heap before GC invocations=7 (full 1):
 PSYoungGen      total 38400K, used 37971K [0x00000000d5d80000, 0x00000000da100000, 0x0000000100000000)
  eden space 33280K, 100% used [0x00000000d5d80000,0x00000000d7e00000,0x00000000d7e00000)
  from space 5120K, 91% used [0x00000000d7e00000,0x00000000d8294c80,0x00000000d8300000)
  to   space 8704K, 0% used [0x00000000d9880000,0x00000000d9880000,0x00000000da100000)
 ParOldGen       total 58368K, used 7230K [0x0000000081800000, 0x0000000085100000, 0x00000000d5d80000)
  object space 58368K, 12% used [0x0000000081800000,0x0000000081f0f860,0x0000000085100000)
 Metaspace       used 27880K, capacity 28652K, committed 28928K, reserved 1075200K
  class space    used 3563K, capacity 3744K, committed 3840K, reserved 1048576K
Event: 8.298 GC heap after
Heap after GC invocations=7 (full 1):
 PSYoungGen      total 57344K, used 5633K [0x00000000d5d80000, 0x00000000d9f00000, 0x0000000100000000)
  eden space 50688K, 0% used [0x00000000d5d80000,0x00000000d5d80000,0x00000000d8f00000)
  from space 6656K, 84% used [0x00000000d9880000,0x00000000d9e005a0,0x00000000d9f00000)
  to   space 8192K, 0% used [0x00000000d8f00000,0x00000000d8f00000,0x00000000d9700000)
 ParOldGen       total 58368K, used 7302K [0x0000000081800000, 0x0000000085100000, 0x00000000d5d80000)
  object space 58368K, 12% used [0x0000000081800000,0x0000000081f21870,0x0000000085100000)
 Metaspace       used 27880K, capacity 28652K, committed 28928K, reserved 1075200K
  class space    used 3563K, capacity 3744K, committed 3840K, reserved 1048576K
}
Event: 9.093 GC heap before
{Heap before GC invocations=8 (full 1):
 PSYoungGen      total 57344K, used 56321K [0x00000000d5d80000, 0x00000000d9f00000, 0x0000000100000000)
  eden space 50688K, 100% used [0x00000000d5d80000,0x00000000d8f00000,0x00000000d8f00000)
  from space 6656K, 84% used [0x00000000d9880000,0x00000000d9e005a0,0x00000000d9f00000)
  to   space 8192K, 0% used [0x00000000d8f00000,0x00000000d8f00000,0x00000000d9700000)
 ParOldGen       total 58368K, used 7302K [0x0000000081800000, 0x0000000085100000, 0x00000000d5d80000)
  object space 58368K, 12% used [0x0000000081800000,0x0000000081f21870,0x0000000085100000)
 Metaspace       used 29925K, capacity 31228K, committed 31360K, reserved 1077248K
  class space    used 3846K, capacity 4108K, committed 4224K, reserved 1048576K
Event: 9.101 GC heap after
Heap after GC invocations=8 (full 1):
 PSYoungGen      total 58880K, used 6933K [0x00000000d5d80000, 0x00000000dbb00000, 0x0000000100000000)
  eden space 50688K, 0% used [0x00000000d5d80000,0x00000000d5d80000,0x00000000d8f00000)
  from space 8192K, 84% used [0x00000000d8f00000,0x00000000d95c57c0,0x00000000d9700000)
  to   space 8704K, 0% used [0x00000000db280000,0x00000000db280000,0x00000000dbb00000)
 ParOldGen       total 58368K, used 7310K [0x0000000081800000, 0x0000000085100000, 0x00000000d5d80000)
  object space 58368K, 12% used [0x0000000081800000,0x0000000081f23870,0x0000000085100000)
 Metaspace       used 29925K, capacity 31228K, committed 31360K, reserved 1077248K
  class space    used 3846K, capacity 4108K, committed 4224K, reserved 1048576K
}
Event: 9.595 GC heap before
{Heap before GC invocations=9 (full 1):
 PSYoungGen      total 58880K, used 57621K [0x00000000d5d80000, 0x00000000dbb00000, 0x0000000100000000)
  eden space 50688K, 100% used [0x00000000d5d80000,0x00000000d8f00000,0x00000000d8f00000)
  from space 8192K, 84% used [0x00000000d8f00000,0x00000000d95c57c0,0x00000000d9700000)
  to   space 8704K, 0% used [0x00000000db280000,0x00000000db280000,0x00000000dbb00000)
 ParOldGen       total 58368K, used 7310K [0x0000000081800000, 0x0000000085100000, 0x00000000d5d80000)
  object space 58368K, 12% used [0x0000000081800000,0x0000000081f23870,0x0000000085100000)
 Metaspace       used 31397K, capacity 32872K, committed 33024K, reserved 1077248K
  class space    used 4038K, capacity 4316K, committed 4352K, reserved 1048576K
Event: 9.606 GC heap after
Heap after GC invocations=9 (full 1):
 PSYoungGen      total 86016K, used 8700K [0x00000000d5d80000, 0x00000000dc200000, 0x0000000100000000)
  eden space 77312K, 0% used [0x00000000d5d80000,0x00000000d5d80000,0x00000000da900000)
  from space 8704K, 99% used [0x00000000db280000,0x00000000dbaff0f0,0x00000000dbb00000)
  to   space 9728K, 0% used [0x00000000da900000,0x00000000da900000,0x00000000db280000)
 ParOldGen       total 58368K, used 8133K [0x0000000081800000, 0x0000000085100000, 0x00000000d5d80000)
  object space 58368K, 13% used [0x0000000081800000,0x0000000081ff16b0,0x0000000085100000)
 Metaspace       used 31397K, capacity 32872K, committed 33024K, reserved 1077248K
  class space    used 4038K, capacity 4316K, committed 4352K, reserved 1048576K
}

